[debug] [2023-10-03T07:49:36.513Z] ----------------------------------------------------------------------
[debug] [2023-10-03T07:49:36.516Z] Command:       /usr/local/bin/node /Users/youtech/.npm-global/bin/firebase init
[debug] [2023-10-03T07:49:36.517Z] CLI Version:   12.5.3
[debug] [2023-10-03T07:49:36.517Z] Platform:      darwin
[debug] [2023-10-03T07:49:36.517Z] Node Version:  v18.18.0
[debug] [2023-10-03T07:49:36.519Z] Time:          Tue Oct 03 2023 07:49:36 GMT+0000 (Greenwich Mean Time)
[debug] [2023-10-03T07:49:36.519Z] ----------------------------------------------------------------------
[debug] 
[debug] [2023-10-03T07:49:36.523Z] >>> [apiv2][query] GET https://firebase-public.firebaseio.com/cli.json [none]
[debug] [2023-10-03T07:49:36.662Z] > command requires scopes: ["email","openid","https://www.googleapis.com/auth/cloudplatformprojects.readonly","https://www.googleapis.com/auth/firebase","https://www.googleapis.com/auth/cloud-platform"]
[debug] [2023-10-03T07:49:36.662Z] > authorizing via signed-in user (fayeyoussoupha@gmail.com)
[info] 
     ######## #### ########  ######## ########     ###     ######  ########
     ##        ##  ##     ## ##       ##     ##  ##   ##  ##       ##
     ######    ##  ########  ######   ########  #########  ######  ######
     ##        ##  ##    ##  ##       ##     ## ##     ##       ## ##
     ##       #### ##     ## ######## ########  ##     ##  ######  ########

You're about to initialize a Firebase project in this directory:

  /Users/youtech/Desktop/projects/expense-app

Before we get started, keep in mind:

  * You are initializing within an existing Firebase project directory

[debug] [2023-10-03T07:49:37.199Z] <<< [apiv2][status] GET https://firebase-public.firebaseio.com/cli.json 200
[debug] [2023-10-03T07:49:37.200Z] <<< [apiv2][body] GET https://firebase-public.firebaseio.com/cli.json {"cloudBuildErrorAfter":1594252800000,"cloudBuildWarnAfter":1590019200000,"defaultNode10After":1594252800000,"minVersion":"3.0.5","node8DeploysDisabledAfter":1613390400000,"node8RuntimeDisabledAfter":1615809600000,"node8WarnAfter":1600128000000}
[info] 
=== Project Setup
[info] 
[info] First, let's associate this project directory with a Firebase project.
[info] You can create multiple project aliases by running firebase use --add, 
[info] but for now we'll just set up a default project.
[info] 
[debug] [2023-10-03T07:50:01.227Z] Using project from CLI flag: expense-app-1341c
[debug] [2023-10-03T07:50:01.229Z] > refreshing access token with scopes: []
[debug] [2023-10-03T07:50:01.233Z] >>> [apiv2][query] POST https://www.googleapis.com/oauth2/v3/token [none]
[debug] [2023-10-03T07:50:01.234Z] >>> [apiv2][body] POST https://www.googleapis.com/oauth2/v3/token [omitted]
[debug] [2023-10-03T07:50:01.567Z] <<< [apiv2][status] POST https://www.googleapis.com/oauth2/v3/token 200
[debug] [2023-10-03T07:50:01.567Z] <<< [apiv2][body] POST https://www.googleapis.com/oauth2/v3/token [omitted]
[debug] [2023-10-03T07:50:01.606Z] >>> [apiv2][query] GET https://firebase.googleapis.com/v1beta1/projects/expense-app-1341c [none]
[debug] [2023-10-03T07:50:02.059Z] <<< [apiv2][status] GET https://firebase.googleapis.com/v1beta1/projects/expense-app-1341c 200
[debug] [2023-10-03T07:50:02.059Z] <<< [apiv2][body] GET https://firebase.googleapis.com/v1beta1/projects/expense-app-1341c {"projectId":"expense-app-1341c","projectNumber":"373818562661","displayName":"expense-app","name":"projects/expense-app-1341c","resources":{"hostingSite":"expense-app-1341c","storageBucket":"expense-app-1341c.appspot.com","locationId":"europe-west"},"state":"ACTIVE","etag":"1_9d7cb910-18c5-4299-95f2-c56ec2c75a80"}
[info] i  Using project expense-app-1341c (expense-app) 
[info] 
=== Firestore Setup
[debug] [2023-10-03T07:50:02.076Z] >>> [apiv2][query] GET https://serviceusage.googleapis.com/v1/projects/expense-app-1341c/services/firestore.googleapis.com [none]
[debug] [2023-10-03T07:50:02.077Z] >>> [apiv2][(partial)header] GET https://serviceusage.googleapis.com/v1/projects/expense-app-1341c/services/firestore.googleapis.com x-goog-quota-user=projects/expense-app-1341c
[debug] [2023-10-03T07:50:03.148Z] <<< [apiv2][status] GET https://serviceusage.googleapis.com/v1/projects/expense-app-1341c/services/firestore.googleapis.com 200
[debug] [2023-10-03T07:50:03.148Z] <<< [apiv2][body] GET https://serviceusage.googleapis.com/v1/projects/expense-app-1341c/services/firestore.googleapis.com [omitted]
[debug] [2023-10-03T07:50:03.149Z] >>> [apiv2][query] GET https://firestore.googleapis.com/v1/projects/expense-app-1341c/databases/(default) [none]
[debug] [2023-10-03T07:50:03.511Z] <<< [apiv2][status] GET https://firestore.googleapis.com/v1/projects/expense-app-1341c/databases/(default) 200
[debug] [2023-10-03T07:50:03.511Z] <<< [apiv2][body] GET https://firestore.googleapis.com/v1/projects/expense-app-1341c/databases/(default) {"name":"projects/expense-app-1341c/databases/(default)","uid":"e063e3ab-ee3f-4ed5-88a7-dcb41ff5775d","createTime":"2023-09-28T08:39:21.117779Z","updateTime":"2023-09-28T08:39:21.117779Z","locationId":"eur3","type":"FIRESTORE_NATIVE","concurrencyMode":"PESSIMISTIC","versionRetentionPeriod":"3600s","earliestVersionTime":"2023-10-03T06:50:03.297227Z","appEngineIntegrationMode":"DISABLED","keyPrefix":"e","pointInTimeRecoveryEnablement":"POINT_IN_TIME_RECOVERY_DISABLED","deleteProtectionState":"DELETE_PROTECTION_DISABLED","etag":"INOO1puy2YEDMKa9lOD0zIED"}
[debug] [2023-10-03T07:50:03.511Z] database_type: FIRESTORE_NATIVE
[debug] [2023-10-03T07:50:03.512Z] > command requires scopes: ["email","openid","https://www.googleapis.com/auth/cloudplatformprojects.readonly","https://www.googleapis.com/auth/firebase","https://www.googleapis.com/auth/cloud-platform"]
[debug] [2023-10-03T07:50:03.512Z] > authorizing via signed-in user (fayeyoussoupha@gmail.com)
[debug] [2023-10-03T07:50:03.512Z] [iam] checking project expense-app-1341c for permissions ["firebase.projects.get"]
[debug] [2023-10-03T07:50:03.513Z] >>> [apiv2][query] POST https://cloudresourcemanager.googleapis.com/v1/projects/expense-app-1341c:testIamPermissions [none]
[debug] [2023-10-03T07:50:03.513Z] >>> [apiv2][(partial)header] POST https://cloudresourcemanager.googleapis.com/v1/projects/expense-app-1341c:testIamPermissions x-goog-quota-user=projects/expense-app-1341c
[debug] [2023-10-03T07:50:03.513Z] >>> [apiv2][body] POST https://cloudresourcemanager.googleapis.com/v1/projects/expense-app-1341c:testIamPermissions {"permissions":["firebase.projects.get"]}
[debug] [2023-10-03T07:50:03.938Z] <<< [apiv2][status] POST https://cloudresourcemanager.googleapis.com/v1/projects/expense-app-1341c:testIamPermissions 200
[debug] [2023-10-03T07:50:03.939Z] <<< [apiv2][body] POST https://cloudresourcemanager.googleapis.com/v1/projects/expense-app-1341c:testIamPermissions {"permissions":["firebase.projects.get"]}
[info] 
[info] Firestore Security Rules allow you to define how and when to allow
[info] requests. You can keep these rules in your project directory
[info] and publish them with firebase deploy.
[info] 
[info] 
[info] Firestore indexes allow you to perform complex queries while
[info] maintaining performance that scales with the size of the result
[info] set. You can keep index definitions in your project directory
[info] and publish them with firebase deploy.
[info] 
[debug] [2023-10-03T07:50:13.525Z] >>> [apiv2][query] GET https://firestore.googleapis.com/v1/projects/expense-app-1341c/databases/(default)/collectionGroups/-/indexes [none]
[debug] [2023-10-03T07:50:13.530Z] >>> [apiv2][query] GET https://firestore.googleapis.com/v1/projects/expense-app-1341c/databases/(default)/collectionGroups/-/fields?filter=indexConfig.usesAncestorConfig=false OR ttlConfig:* [none]
[debug] [2023-10-03T07:50:13.949Z] <<< [apiv2][status] GET https://firestore.googleapis.com/v1/projects/expense-app-1341c/databases/(default)/collectionGroups/-/indexes 200
[debug] [2023-10-03T07:50:13.949Z] <<< [apiv2][body] GET https://firestore.googleapis.com/v1/projects/expense-app-1341c/databases/(default)/collectionGroups/-/indexes {}
[debug] [2023-10-03T07:50:13.951Z] <<< [apiv2][status] GET https://firestore.googleapis.com/v1/projects/expense-app-1341c/databases/(default)/collectionGroups/-/fields?filter=indexConfig.usesAncestorConfig=false OR ttlConfig:* 200
[debug] [2023-10-03T07:50:13.951Z] <<< [apiv2][body] GET https://firestore.googleapis.com/v1/projects/expense-app-1341c/databases/(default)/collectionGroups/-/fields?filter=indexConfig.usesAncestorConfig=false OR ttlConfig:* {"fields":[{"name":"projects/expense-app-1341c/databases/(default)/collectionGroups/__default__/fields/*","indexConfig":{"indexes":[{"queryScope":"COLLECTION","fields":[{"fieldPath":"*","order":"ASCENDING"}],"state":"READY"},{"queryScope":"COLLECTION","fields":[{"fieldPath":"*","order":"DESCENDING"}],"state":"READY"},{"queryScope":"COLLECTION","fields":[{"fieldPath":"*","arrayConfig":"CONTAINS"}],"state":"READY"}]}}]}
[info] 
=== Hosting Setup
[info] 
[info] Your public directory is the folder (relative to your project directory) that
[info] will contain Hosting assets to be uploaded with firebase deploy. If you
[info] have a build process for your assets, use your build's output directory.
[info] 
